TN:
SF:src\api\axios.js
FN:9,(anonymous_0)
FN:18,(anonymous_1)
FN:19,(anonymous_2)
FNF:3
FNH:0
FNDA:0,(anonymous_0)
FNDA:0,(anonymous_1)
FNDA:0,(anonymous_2)
DA:3,4
DA:9,4
DA:10,0
DA:11,0
DA:12,0
DA:14,0
DA:18,4
DA:19,0
DA:21,0
DA:22,0
DA:23,0
DA:24,0
DA:26,0
LF:13
LH:3
BRDA:11,0,0,0
BRDA:11,0,1,0
BRDA:21,1,0,0
BRDA:21,1,1,0
BRF:4
BRH:0
end_of_record
TN:
SF:src\components\Navbar.jsx
FN:5,Navbar
FN:9,(anonymous_1)
FNF:2
FNH:2
FNDA:4,Navbar
FNDA:1,(anonymous_1)
DA:6,4
DA:7,4
DA:9,4
DA:10,1
DA:11,1
DA:14,4
LF:6
LH:6
BRDA:40,0,0,2
BRDA:40,0,1,2
BRDA:59,1,0,4
BRDA:59,1,1,2
BRF:4
BRH:4
end_of_record
TN:
SF:src\components\modals\AddContactModal.jsx
FN:10,(anonymous_0)
FN:11,(anonymous_1)
FN:13,AddContactModal
FN:21,(anonymous_3)
FN:33,(anonymous_4)
FN:38,(anonymous_5)
FN:45,(anonymous_6)
FN:48,(anonymous_7)
FN:53,(anonymous_8)
FN:56,(anonymous_9)
FN:61,(anonymous_10)
FN:64,(anonymous_11)
FN:65,(anonymous_12)
FN:66,(anonymous_13)
FN:66,(anonymous_14)
FN:67,(anonymous_15)
FN:67,(anonymous_16)
FN:69,(anonymous_17)
FN:85,(anonymous_18)
FN:111,(anonymous_19)
FN:154,(anonymous_20)
FN:154,(anonymous_21)
FN:162,(anonymous_22)
FN:162,(anonymous_23)
FN:185,(anonymous_24)
FN:191,(anonymous_25)
FN:200,(anonymous_26)
FN:206,(anonymous_27)
FN:233,(anonymous_28)
FN:239,(anonymous_29)
FN:248,(anonymous_30)
FN:255,(anonymous_31)
FNF:32
FNH:20
FNDA:68,(anonymous_0)
FNDA:68,(anonymous_1)
FNDA:66,AddContactModal
FNDA:4,(anonymous_3)
FNDA:4,(anonymous_4)
FNDA:4,(anonymous_5)
FNDA:18,(anonymous_6)
FNDA:21,(anonymous_7)
FNDA:0,(anonymous_8)
FNDA:11,(anonymous_9)
FNDA:0,(anonymous_10)
FNDA:1,(anonymous_11)
FNDA:1,(anonymous_12)
FNDA:0,(anonymous_13)
FNDA:0,(anonymous_14)
FNDA:0,(anonymous_15)
FNDA:0,(anonymous_16)
FNDA:4,(anonymous_17)
FNDA:262,(anonymous_18)
FNDA:15,(anonymous_19)
FNDA:12,(anonymous_20)
FNDA:0,(anonymous_21)
FNDA:6,(anonymous_22)
FNDA:0,(anonymous_23)
FNDA:66,(anonymous_24)
FNDA:21,(anonymous_25)
FNDA:0,(anonymous_26)
FNDA:0,(anonymous_27)
FNDA:66,(anonymous_28)
FNDA:11,(anonymous_29)
FNDA:0,(anonymous_30)
FNDA:0,(anonymous_31)
DA:10,68
DA:11,68
DA:14,66
DA:19,66
DA:20,66
DA:21,66
DA:22,4
DA:24,4
DA:25,4
DA:27,4
DA:28,4
DA:30,4
DA:31,0
DA:33,4
DA:34,4
DA:35,4
DA:38,4
DA:39,4
DA:40,4
DA:43,4
DA:45,66
DA:46,18
DA:48,66
DA:49,21
DA:50,21
DA:51,21
DA:52,21
DA:53,0
DA:56,66
DA:57,11
DA:58,11
DA:59,11
DA:60,11
DA:61,0
DA:64,66
DA:65,66
DA:66,66
DA:67,66
DA:69,66
DA:70,4
DA:71,4
DA:72,1
DA:73,1
DA:74,1
DA:75,1
DA:76,1
DA:77,1
DA:79,1
DA:81,0
DA:82,1
DA:85,262
DA:91,66
DA:98,66
DA:111,15
DA:154,12
DA:162,6
DA:186,66
DA:191,21
DA:200,0
DA:206,0
DA:234,66
DA:239,11
DA:248,0
DA:255,0
LF:64
LH:56
BRDA:25,0,0,1
BRDA:25,0,1,3
BRDA:28,1,0,2
BRDA:28,1,1,2
BRDA:30,2,0,0
BRDA:30,2,1,4
BRDA:30,3,0,4
BRDA:30,3,1,0
BRDA:30,3,2,0
BRDA:35,4,0,3
BRDA:35,4,1,1
BRDA:40,5,0,3
BRDA:40,5,1,1
BRDA:52,6,0,0
BRDA:52,6,1,21
BRDA:60,7,0,0
BRDA:60,7,1,11
BRDA:71,8,0,3
BRDA:71,8,1,1
BRDA:81,9,0,0
BRDA:81,9,1,0
BRDA:85,10,0,9
BRDA:85,10,1,253
BRDA:100,11,0,66
BRDA:100,11,1,65
BRDA:140,12,0,65
BRDA:140,12,1,0
BRDA:154,13,0,0
BRDA:154,13,1,12
BRDA:156,14,0,65
BRDA:156,14,1,1
BRDA:162,15,0,0
BRDA:162,15,1,6
BRDA:164,16,0,65
BRDA:164,16,1,2
BRDA:205,17,0,66
BRDA:205,17,1,2
BRDA:214,18,0,66
BRDA:214,18,1,3
BRDA:254,19,0,66
BRDA:254,19,1,2
BRDA:263,20,0,66
BRDA:263,20,1,3
BRDA:287,21,0,1
BRDA:287,21,1,64
BRDA:289,22,0,1
BRDA:289,22,1,64
BRF:47
BRH:37
end_of_record
TN:
SF:src\components\modals\DeleteContactModal.jsx
FN:5,DeleteContactModal
FN:8,(anonymous_1)
FN:30,(anonymous_2)
FNF:3
FNH:3
FNDA:9,DeleteContactModal
FNDA:2,(anonymous_1)
FNDA:3,(anonymous_2)
DA:6,9
DA:8,9
DA:9,2
DA:10,2
DA:11,2
DA:12,1
DA:13,1
DA:15,0
DA:16,1
DA:19,9
DA:30,3
LF:11
LH:10
BRDA:21,0,0,9
BRDA:21,0,1,8
BRDA:66,1,0,2
BRDA:66,1,1,6
BRDA:68,2,0,2
BRDA:68,2,1,6
BRF:6
BRH:6
end_of_record
TN:
SF:src\context\AuthContext.jsx
FN:7,AuthProvider
FN:13,(anonymous_1)
FN:22,(anonymous_2)
FN:30,(anonymous_3)
FN:44,(anonymous_4)
FNF:5
FNH:1
FNDA:0,AuthProvider
FNDA:0,(anonymous_1)
FNDA:0,(anonymous_2)
FNDA:0,(anonymous_3)
FNDA:188,(anonymous_4)
DA:4,3
DA:8,0
DA:9,0
DA:13,0
DA:14,0
DA:15,0
DA:16,0
DA:17,0
DA:18,0
DA:22,0
DA:23,0
DA:24,0
DA:26,0
DA:27,0
DA:30,0
DA:31,0
DA:32,0
DA:33,0
DA:34,0
DA:37,0
DA:44,188
LF:21
LH:2
BRDA:16,0,0,0
BRDA:16,0,1,0
BRDA:16,1,0,0
BRDA:16,1,1,0
BRF:4
BRH:0
end_of_record
TN:
SF:src\pages\LoginPage.jsx
FN:7,LoginPage
FN:16,(anonymous_1)
FN:27,(anonymous_2)
FN:52,(anonymous_3)
FN:113,(anonymous_4)
FN:116,(anonymous_5)
FN:132,(anonymous_6)
FN:135,(anonymous_7)
FNF:8
FNH:6
FNDA:75,LoginPage
FNDA:5,(anonymous_1)
FNDA:5,(anonymous_2)
FNDA:150,(anonymous_3)
FNDA:43,(anonymous_4)
FNDA:0,(anonymous_5)
FNDA:19,(anonymous_6)
FNDA:0,(anonymous_7)
DA:8,75
DA:9,75
DA:10,75
DA:11,75
DA:12,75
DA:13,75
DA:14,75
DA:16,75
DA:17,5
DA:18,5
DA:19,1
DA:20,5
DA:21,2
DA:22,3
DA:23,1
DA:24,5
DA:27,75
DA:28,5
DA:29,5
DA:30,5
DA:31,5
DA:32,2
DA:33,2
DA:34,2
DA:35,1
DA:36,1
DA:37,1
DA:39,1
DA:40,1
DA:41,1
DA:42,0
DA:43,0
DA:45,0
DA:48,2
DA:52,150
DA:58,75
DA:114,43
DA:115,43
DA:116,43
DA:133,19
DA:134,19
DA:135,19
LF:42
LH:39
BRDA:18,0,0,1
BRDA:18,0,1,4
BRDA:20,1,0,2
BRDA:20,1,1,3
BRDA:22,2,0,1
BRDA:22,2,1,2
BRDA:31,3,0,3
BRDA:31,3,1,2
BRDA:39,4,0,1
BRDA:39,4,1,0
BRDA:40,5,0,1
BRDA:40,5,1,0
BRDA:40,6,0,1
BRDA:40,6,1,0
BRDA:42,7,0,0
BRDA:42,7,1,0
BRDA:45,8,0,0
BRDA:45,8,1,0
BRDA:52,9,0,4
BRDA:52,9,1,146
BRDA:91,10,0,75
BRDA:91,10,1,1
BRDA:116,11,0,0
BRDA:116,11,1,43
BRDA:119,12,0,75
BRDA:119,12,1,1
BRDA:135,13,0,0
BRDA:135,13,1,19
BRDA:138,14,0,75
BRDA:138,14,1,3
BRDA:150,15,0,2
BRDA:150,15,1,73
BRDA:158,16,0,2
BRDA:158,16,1,73
BRF:34
BRH:25
end_of_record
TN:
SF:src\pages\RegisterPage.jsx
FN:13,RegisterPage
FN:23,(anonymous_1)
FN:27,(anonymous_2)
FN:31,(anonymous_3)
FN:60,(anonymous_4)
FN:74,(anonymous_5)
FN:101,(anonymous_6)
FN:103,(anonymous_7)
FN:105,(anonymous_8)
FN:107,(anonymous_9)
FN:109,(anonymous_10)
FN:118,(anonymous_11)
FN:124,(anonymous_12)
FNF:13
FNH:6
FNDA:109,RegisterPage
FNDA:96,(anonymous_1)
FNDA:0,(anonymous_2)
FNDA:5,(anonymous_3)
FNDA:5,(anonymous_4)
FNDA:0,(anonymous_5)
FNDA:0,(anonymous_6)
FNDA:0,(anonymous_7)
FNDA:0,(anonymous_8)
FNDA:0,(anonymous_9)
FNDA:0,(anonymous_10)
FNDA:436,(anonymous_11)
FNDA:436,(anonymous_12)
DA:14,109
DA:17,109
DA:18,109
DA:19,109
DA:20,109
DA:21,109
DA:23,109
DA:24,96
DA:26,96
DA:27,0
DA:28,96
DA:31,109
DA:32,5
DA:34,5
DA:35,5
DA:37,5
DA:38,2
DA:41,5
DA:42,3
DA:43,3
DA:44,3
DA:47,5
DA:48,0
DA:49,0
DA:54,5
DA:55,5
DA:57,5
DA:60,109
DA:61,5
DA:62,5
DA:63,5
DA:64,5
DA:66,2
DA:67,2
DA:69,2
DA:70,5
DA:73,5
DA:74,0
DA:76,0
DA:77,0
DA:80,2
DA:88,2
DA:90,2
DA:91,2
DA:92,2
DA:93,2
DA:95,0
DA:96,0
DA:98,0
DA:100,0
DA:101,0
DA:102,0
DA:103,0
DA:104,0
DA:105,0
DA:106,0
DA:107,0
DA:108,0
DA:109,0
DA:111,0
DA:114,2
DA:118,436
DA:124,436
DA:128,109
LF:64
LH:44
BRDA:26,0,0,0
BRDA:26,0,1,96
BRDA:35,1,0,1
BRDA:35,1,1,4
BRDA:37,2,0,2
BRDA:37,2,1,3
BRDA:37,3,0,5
BRDA:37,3,1,2
BRDA:41,4,0,3
BRDA:41,4,1,2
BRDA:44,5,0,1
BRDA:44,5,1,2
BRDA:47,6,0,0
BRDA:47,6,1,5
BRDA:49,7,0,0
BRDA:49,7,1,0
BRDA:55,8,0,1
BRDA:55,8,1,4
BRDA:64,9,0,3
BRDA:64,9,1,2
BRDA:69,10,0,2
BRDA:69,10,1,0
BRDA:70,11,0,5
BRDA:70,11,1,2
BRDA:73,12,0,0
BRDA:73,12,1,5
BRDA:73,13,0,5
BRDA:73,13,1,0
BRDA:95,14,0,0
BRDA:95,14,1,0
BRDA:100,15,0,0
BRDA:100,15,1,0
BRDA:102,16,0,0
BRDA:102,16,1,0
BRDA:104,17,0,0
BRDA:104,17,1,0
BRDA:106,18,0,0
BRDA:106,18,1,0
BRDA:108,19,0,0
BRDA:108,19,1,0
BRDA:111,20,0,0
BRDA:111,20,1,0
BRDA:118,21,0,3
BRDA:118,21,1,433
BRDA:124,22,0,3
BRDA:124,22,1,433
BRDA:165,23,0,109
BRDA:165,23,1,0
BRDA:231,24,0,109
BRDA:231,24,1,2
BRDA:254,25,0,2
BRDA:254,25,1,107
BRDA:262,26,0,2
BRDA:262,26,1,107
BRF:54
BRH:32
end_of_record
TN:
SF:src\utils\validators.js
FN:2,(anonymous_0)
FN:19,(anonymous_1)
FN:30,(anonymous_2)
FN:42,(anonymous_3)
FN:55,(anonymous_4)
FN:68,(anonymous_5)
FN:75,(anonymous_6)
FNF:7
FNH:7
FNDA:5,(anonymous_0)
FNDA:5,(anonymous_1)
FNDA:1,(anonymous_2)
FNDA:5,(anonymous_3)
FNDA:8,(anonymous_4)
FNDA:4,(anonymous_5)
FNDA:4,(anonymous_6)
DA:2,2
DA:3,5
DA:4,1
DA:5,4
DA:6,4
DA:7,4
DA:8,4
DA:9,4
DA:10,4
DA:11,4
DA:12,4
DA:13,4
DA:14,4
DA:15,4
DA:19,2
DA:20,5
DA:22,5
DA:23,5
DA:24,2
DA:26,3
DA:30,2
DA:31,1
DA:32,0
DA:33,1
DA:34,1
DA:35,0
DA:36,1
DA:37,0
DA:38,1
DA:42,2
DA:43,5
DA:44,1
DA:45,4
DA:46,4
DA:47,4
DA:48,4
DA:49,4
DA:50,4
DA:51,4
DA:55,2
DA:56,8
DA:57,3
DA:58,5
DA:59,5
DA:60,5
DA:61,5
DA:62,5
DA:63,5
DA:64,5
DA:68,2
DA:69,4
DA:70,2
DA:71,2
DA:75,2
DA:76,4
DA:77,3
DA:78,1
LF:57
LH:54
BRDA:3,0,0,1
BRDA:3,0,1,4
BRDA:3,1,0,5
BRDA:3,1,1,4
BRDA:5,2,0,0
BRDA:5,2,1,4
BRDA:7,3,0,0
BRDA:7,3,1,4
BRDA:9,4,0,0
BRDA:9,4,1,4
BRDA:11,5,0,0
BRDA:11,5,1,4
BRDA:13,6,0,0
BRDA:13,6,1,4
BRDA:20,7,0,0
BRDA:20,7,1,5
BRDA:20,8,0,5
BRDA:20,8,1,5
BRDA:23,9,0,2
BRDA:23,9,1,3
BRDA:31,10,0,0
BRDA:31,10,1,1
BRDA:31,11,0,1
BRDA:31,11,1,1
BRDA:34,12,0,0
BRDA:34,12,1,1
BRDA:36,13,0,0
BRDA:36,13,1,1
BRDA:43,14,0,1
BRDA:43,14,1,4
BRDA:45,15,0,0
BRDA:45,15,1,4
BRDA:47,16,0,0
BRDA:47,16,1,4
BRDA:49,17,0,0
BRDA:49,17,1,4
BRDA:55,18,0,8
BRDA:56,19,0,3
BRDA:56,19,1,5
BRDA:56,20,0,8
BRDA:56,20,1,5
BRDA:58,21,0,0
BRDA:58,21,1,5
BRDA:60,22,0,0
BRDA:60,22,1,5
BRDA:62,23,0,0
BRDA:62,23,1,5
BRDA:69,24,0,2
BRDA:69,24,1,2
BRDA:69,25,0,4
BRDA:69,25,1,2
BRDA:76,26,0,3
BRDA:76,26,1,1
BRDA:76,27,0,4
BRDA:76,27,1,1
BRF:55
BRH:40
end_of_record
